<?xml version="1.0" encoding="UTF-8"?>
<!-- Generated by org.testng.reporters.JUnitReportReporter -->
<testsuite hostname="DESKTOP-J1B7FDD" failures="0" tests="1" name="test.com.Myformtest" time="7.443" errors="0" timestamp="30 May 2024 13:57:49 GMT">
  <testcase classname="test.com.Myformtest" name="test" time="7.443"/>
</testsuite> <!-- test.com.Myformtest -->
